<?xml version="1.0" encoding="UTF-8" standalone="no"?>
<!DOCTYPE log SYSTEM "logger.dtd">
<log>
<record>
  <date>2018-04-26T14:12:15.303-0300</date>
  <logger>MARCOS BARROS DE MEDEIROS FILHO</logger>
  <level>FINE</level>
  <message>File 117110596-MARCOS BARROS DE MEDEIROS FILHO.zip was received. It was sent by MARCOS BARROS DE MEDEIROS FILHO from IP 150.165.42.146</message>
</record>
</log>
<?xml version="1.0" encoding="UTF-8" standalone="no"?>
<!DOCTYPE log SYSTEM "logger.dtd">
<log>
<record>
  <date>2018-04-26T16:02:17.804-0300</date>
  <logger>MARCOS BARROS DE MEDEIROS FILHO</logger>
  <level>FINE</level>
  <message>File 117110596-MARCOS BARROS DE MEDEIROS FILHO.zip was received. It was sent by MARCOS BARROS DE MEDEIROS FILHO from IP 150.165.42.146</message>
</record>
</log>
<?xml version="1.0" encoding="UTF-8" standalone="no"?>
<!DOCTYPE log SYSTEM "logger.dtd">
<log>
<record>
  <date>2018-05-02T16:06:59.664-0300</date>
  <logger>MARCOS BARROS DE MEDEIROS FILHO</logger>
  <level>FINE</level>
  <message>File 117110596-MARCOS BARROS DE MEDEIROS FILHO.zip was received. It was sent by MARCOS BARROS DE MEDEIROS FILHO from IP 192.168.0.108</message>
</record>
</log>
<?xml version="1.0" encoding="UTF-8" standalone="no"?>
<!DOCTYPE log SYSTEM "logger.dtd">
<log>
<record>
  <date>2018-05-02T16:10:23.712-0300</date>
  <logger>MARCOS BARROS DE MEDEIROS FILHO</logger>
  <level>FINE</level>
  <message>File 117110596-MARCOS BARROS DE MEDEIROS FILHO.zip was received. It was sent by MARCOS BARROS DE MEDEIROS FILHO from IP 192.168.0.108</message>
</record>
</log>
<?xml version="1.0" encoding="UTF-8" standalone="no"?>
<!DOCTYPE log SYSTEM "logger.dtd">
<log>
<record>
  <date>2018-05-02T16:20:39.126-0300</date>
  <logger>MARCOS BARROS DE MEDEIROS FILHO</logger>
  <level>FINE</level>
  <message>File 117110596-MARCOS BARROS DE MEDEIROS FILHO.zip was received. It was sent by MARCOS BARROS DE MEDEIROS FILHO from IP 192.168.0.108</message>
</record>
</log>
<?xml version="1.0" encoding="UTF-8" standalone="no"?>
<!DOCTYPE log SYSTEM "logger.dtd">
<log>
<record>
  <date>2018-05-02T16:22:05.096-0300</date>
  <logger>MARCOS BARROS DE MEDEIROS FILHO</logger>
  <level>FINE</level>
  <message>File 117110596-MARCOS BARROS DE MEDEIROS FILHO.zip was received. It was sent by MARCOS BARROS DE MEDEIROS FILHO from IP 192.168.0.108</message>
</record>
</log>
<?xml version="1.0" encoding="UTF-8" standalone="no"?>
<!DOCTYPE log SYSTEM "logger.dtd">
<log>
<record>
  <date>2018-05-02T16:24:10.709-0300</date>
  <logger>MARCOS BARROS DE MEDEIROS FILHO</logger>
  <level>FINE</level>
  <message>File 117110596-MARCOS BARROS DE MEDEIROS FILHO.zip was received. It was sent by MARCOS BARROS DE MEDEIROS FILHO from IP 192.168.0.108</message>
</record>
</log>
<?xml version="1.0" encoding="UTF-8" standalone="no"?>
<!DOCTYPE log SYSTEM "logger.dtd">
<log>
<record>
  <date>2018-05-02T16:28:43.440-0300</date>
  <logger>MARCOS BARROS DE MEDEIROS FILHO</logger>
  <level>FINE</level>
  <message>File 117110596-MARCOS BARROS DE MEDEIROS FILHO.zip was received. It was sent by MARCOS BARROS DE MEDEIROS FILHO from IP 192.168.0.108</message>
</record>
</log>
<?xml version="1.0" encoding="UTF-8" standalone="no"?>
<!DOCTYPE log SYSTEM "logger.dtd">
<log>
<record>
  <date>2018-05-02T16:57:13.339-0300</date>
  <logger>MARCOS BARROS DE MEDEIROS FILHO</logger>
  <level>FINE</level>
  <message>File 117110596-MARCOS BARROS DE MEDEIROS FILHO.zip was received. It was sent by MARCOS BARROS DE MEDEIROS FILHO from IP 192.168.0.108</message>
</record>
</log>
<?xml version="1.0" encoding="UTF-8" standalone="no"?>
<!DOCTYPE log SYSTEM "logger.dtd">
<log>
<record>
  <date>2018-05-02T18:22:37.600-0300</date>
  <logger>MARCOS BARROS DE MEDEIROS FILHO</logger>
  <level>FINE</level>
  <message>File 117110596-MARCOS BARROS DE MEDEIROS FILHO.zip was received. It was sent by MARCOS BARROS DE MEDEIROS FILHO from IP 192.168.0.108</message>
</record>
</log>
<?xml version="1.0" encoding="UTF-8" standalone="no"?>
<!DOCTYPE log SYSTEM "logger.dtd">
<log>
<record>
  <date>2018-05-02T18:29:53.941-0300</date>
  <logger>MARCOS BARROS DE MEDEIROS FILHO</logger>
  <level>FINE</level>
  <message>File 117110596-MARCOS BARROS DE MEDEIROS FILHO.zip was received. It was sent by MARCOS BARROS DE MEDEIROS FILHO from IP 192.168.0.108</message>
</record>
</log>
<?xml version="1.0" encoding="UTF-8" standalone="no"?>
<!DOCTYPE log SYSTEM "logger.dtd">
<log>
<record>
  <date>2018-05-02T18:35:58.620-0300</date>
  <logger>MARCOS BARROS DE MEDEIROS FILHO</logger>
  <level>FINE</level>
  <message>File 117110596-MARCOS BARROS DE MEDEIROS FILHO.zip was received. It was sent by MARCOS BARROS DE MEDEIROS FILHO from IP 192.168.0.108</message>
</record>
</log>
<?xml version="1.0" encoding="UTF-8" standalone="no"?>
<!DOCTYPE log SYSTEM "logger.dtd">
<log>
<record>
  <date>2018-05-02T18:38:05.067-0300</date>
  <logger>MARCOS BARROS DE MEDEIROS FILHO</logger>
  <level>FINE</level>
  <message>File 117110596-MARCOS BARROS DE MEDEIROS FILHO.zip was received. It was sent by MARCOS BARROS DE MEDEIROS FILHO from IP 192.168.0.108</message>
</record>
