<?xml version="1.0" encoding="UTF-8" standalone="no"?>
<!DOCTYPE log SYSTEM "logger.dtd">
<log>
<record>
  <date>2018-06-25T16:01:25.754-0300</date>
  <logger>MARCOS BARROS DE MEDEIROS FILHO</logger>
  <level>FINE</level>
  <message>File 117110596-MARCOS BARROS DE MEDEIROS FILHO.zip was received. It was sent by MARCOS BARROS DE MEDEIROS FILHO from IP 150.165.42.156</message>
</record>
</log>
<?xml version="1.0" encoding="UTF-8" standalone="no"?>
<!DOCTYPE log SYSTEM "logger.dtd">
<log>
<record>
  <date>2018-06-25T16:13:19.350-0300</date>
  <logger>MARCOS BARROS DE MEDEIROS FILHO</logger>
  <level>FINE</level>
  <message>File 117110596-MARCOS BARROS DE MEDEIROS FILHO.zip was received. It was sent by MARCOS BARROS DE MEDEIROS FILHO from IP 192.168.15.4</message>
</record>
</log>
<?xml version="1.0" encoding="UTF-8" standalone="no"?>
<!DOCTYPE log SYSTEM "logger.dtd">
<log>
<record>
  <date>2018-06-27T20:01:01.046-0300</date>
  <logger>MARCOS BARROS DE MEDEIROS FILHO</logger>
  <level>FINE</level>
  <message>File 117110596-MARCOS BARROS DE MEDEIROS FILHO.zip was received. It was sent by MARCOS BARROS DE MEDEIROS FILHO from IP 192.168.15.4</message>
</record>
</log>
<?xml version="1.0" encoding="UTF-8" standalone="no"?>
<!DOCTYPE log SYSTEM "logger.dtd">
<log>
<record>
  <date>2018-06-29T01:18:21.729-0300</date>
  <logger>MARCOS BARROS DE MEDEIROS FILHO</logger>
  <level>FINE</level>
  <message>File 117110596-MARCOS BARROS DE MEDEIROS FILHO.zip was received. It was sent by MARCOS BARROS DE MEDEIROS FILHO from IP 192.168.15.4</message>
</record>
