<?xml version="1.0" encoding="UTF-8" standalone="no"?>
<!DOCTYPE log SYSTEM "logger.dtd">
<log>
<record>
  <date>2018-07-19T14:11:00.567-0300</date>
  <logger>MARCOS BARROS DE MEDEIROS FILHO</logger>
  <level>FINE</level>
  <message>File 117110596-MARCOS BARROS DE MEDEIROS FILHO.zip was received. It was sent by MARCOS BARROS DE MEDEIROS FILHO from IP 150.165.42.126</message>
</record>
</log>
<?xml version="1.0" encoding="UTF-8" standalone="no"?>
<!DOCTYPE log SYSTEM "logger.dtd">
<log>
<record>
  <date>2018-07-21T10:57:56.198-0300</date>
  <logger>MARCOS BARROS DE MEDEIROS FILHO</logger>
  <level>FINE</level>
  <message>File 117110596-MARCOS BARROS DE MEDEIROS FILHO.zip was received. It was sent by MARCOS BARROS DE MEDEIROS FILHO from IP 192.168.0.108</message>
</record>
</log>
<?xml version="1.0" encoding="UTF-8" standalone="no"?>
<!DOCTYPE log SYSTEM "logger.dtd">
<log>
<record>
  <date>2018-07-21T11:41:10.071-0300</date>
  <logger>MARCOS BARROS DE MEDEIROS FILHO</logger>
  <level>FINE</level>
  <message>File 117110596-MARCOS BARROS DE MEDEIROS FILHO.zip was received. It was sent by MARCOS BARROS DE MEDEIROS FILHO from IP 192.168.0.108</message>
</record>
