<?xml version="1.0" encoding="UTF-8" standalone="no"?>
<!DOCTYPE log SYSTEM "logger.dtd">
<log>
<record>
  <date>2018-06-21T14:26:33.220-0300</date>
  <logger>MARCOS BARROS DE MEDEIROS FILHO</logger>
  <level>FINE</level>
  <message>File 117110596-MARCOS BARROS DE MEDEIROS FILHO.zip was received. It was sent by MARCOS BARROS DE MEDEIROS FILHO from IP 150.165.42.129</message>
</record>
</log>
<?xml version="1.0" encoding="UTF-8" standalone="no"?>
<!DOCTYPE log SYSTEM "logger.dtd">
<log>
<record>
  <date>2018-06-23T13:43:36.561-0300</date>
  <logger>MARCOS BARROS DE MEDEIROS FILHO</logger>
  <level>FINE</level>
  <message>File 117110596-MARCOS BARROS DE MEDEIROS FILHO.zip was received. It was sent by MARCOS BARROS DE MEDEIROS FILHO from IP 192.168.0.109</message>
</record>
</log>
<?xml version="1.0" encoding="UTF-8" standalone="no"?>
<!DOCTYPE log SYSTEM "logger.dtd">
<log>
<record>
  <date>2018-06-23T13:47:12.212-0300</date>
  <logger>MARCOS BARROS DE MEDEIROS FILHO</logger>
  <level>FINE</level>
  <message>File 117110596-MARCOS BARROS DE MEDEIROS FILHO.zip was received. It was sent by MARCOS BARROS DE MEDEIROS FILHO from IP 192.168.0.109</message>
</record>
</log>
<?xml version="1.0" encoding="UTF-8" standalone="no"?>
<!DOCTYPE log SYSTEM "logger.dtd">
<log>
<record>
  <date>2018-06-23T13:56:38.783-0300</date>
  <logger>MARCOS BARROS DE MEDEIROS FILHO</logger>
  <level>FINE</level>
  <message>File 117110596-MARCOS BARROS DE MEDEIROS FILHO.zip was received. It was sent by MARCOS BARROS DE MEDEIROS FILHO from IP 192.168.0.109</message>
</record>
</log>
<?xml version="1.0" encoding="UTF-8" standalone="no"?>
<!DOCTYPE log SYSTEM "logger.dtd">
<log>
<record>
  <date>2018-06-23T13:59:23.718-0300</date>
  <logger>MARCOS BARROS DE MEDEIROS FILHO</logger>
  <level>FINE</level>
  <message>File 117110596-MARCOS BARROS DE MEDEIROS FILHO.zip was received. It was sent by MARCOS BARROS DE MEDEIROS FILHO from IP 192.168.0.109</message>
</record>
</log>
<?xml version="1.0" encoding="UTF-8" standalone="no"?>
<!DOCTYPE log SYSTEM "logger.dtd">
<log>
<record>
  <date>2018-06-24T10:00:01.782-0300</date>
  <logger>MARCOS BARROS DE MEDEIROS FILHO</logger>
  <level>FINE</level>
  <message>File 117110596-MARCOS BARROS DE MEDEIROS FILHO.zip was received. It was sent by MARCOS BARROS DE MEDEIROS FILHO from IP 192.168.0.106</message>
</record>
</log>
<?xml version="1.0" encoding="UTF-8" standalone="no"?>
<!DOCTYPE log SYSTEM "logger.dtd">
<log>
<record>
  <date>2018-06-24T10:01:15.434-0300</date>
  <logger>MARCOS BARROS DE MEDEIROS FILHO</logger>
  <level>FINE</level>
  <message>File 117110596-MARCOS BARROS DE MEDEIROS FILHO.zip was received. It was sent by MARCOS BARROS DE MEDEIROS FILHO from IP 192.168.0.106</message>
</record>
