<?xml version="1.0" encoding="UTF-8" standalone="no"?>
<!DOCTYPE log SYSTEM "logger.dtd">
<log>
<record>
  <date>2018-05-28T16:17:27.978-0300</date>
  <logger>MARCOS BARROS DE MEDEIROS FILHO</logger>
  <level>FINE</level>
  <message>File 117110596-MARCOS BARROS DE MEDEIROS FILHO.zip was received. It was sent by MARCOS BARROS DE MEDEIROS FILHO from IP 192.168.0.102</message>
</record>
</log>
<?xml version="1.0" encoding="UTF-8" standalone="no"?>
<!DOCTYPE log SYSTEM "logger.dtd">
<log>
<record>
  <date>2018-05-28T20:43:01.260-0300</date>
  <logger>MARCOS BARROS DE MEDEIROS FILHO</logger>
  <level>FINE</level>
  <message>File 117110596-MARCOS BARROS DE MEDEIROS FILHO.zip was received. It was sent by MARCOS BARROS DE MEDEIROS FILHO from IP 192.168.0.102</message>
</record>
</log>
<?xml version="1.0" encoding="UTF-8" standalone="no"?>
<!DOCTYPE log SYSTEM "logger.dtd">
<log>
<record>
  <date>2018-05-28T20:56:26.107-0300</date>
  <logger>MARCOS BARROS DE MEDEIROS FILHO</logger>
  <level>FINE</level>
  <message>File 117110596-MARCOS BARROS DE MEDEIROS FILHO.zip was received. It was sent by MARCOS BARROS DE MEDEIROS FILHO from IP 192.168.0.102</message>
</record>
</log>
<?xml version="1.0" encoding="UTF-8" standalone="no"?>
<!DOCTYPE log SYSTEM "logger.dtd">
<log>
<record>
  <date>2018-05-28T20:59:01.980-0300</date>
  <logger>MARCOS BARROS DE MEDEIROS FILHO</logger>
  <level>FINE</level>
  <message>File 117110596-MARCOS BARROS DE MEDEIROS FILHO.zip was received. It was sent by MARCOS BARROS DE MEDEIROS FILHO from IP 192.168.0.102</message>
</record>
